2025-04-01 13:04:29,344 - __main__ - INFO - Starting binary video segmentation training with config: configs/rtx_4070ti_super.yaml
2025-04-01 13:04:29,346 - __main__ - INFO - Set random seed to 42
2025-04-01 13:04:29,589 - __main__ - INFO - Using device: cuda
2025-04-01 13:04:29,589 - __main__ - INFO - Building binary segmentation model...
2025-04-01 13:04:29,831 - __main__ - INFO - Model created: VideoMambaSegmentation
2025-04-01 13:04:29,831 - __main__ - INFO - Created data augmentation with image size: [240, 320]
2025-04-01 13:04:29,832 - __main__ - INFO - Creating train data loader...
2025-04-01 13:04:30,203 - __main__ - INFO - Train loader created with 524 batches
2025-04-01 13:04:30,203 - __main__ - INFO - Creating validation data loader...
2025-04-01 13:04:30,454 - __main__ - INFO - Validation loader created with 249 batches
2025-04-01 13:04:30,454 - __main__ - INFO - Creating optimizer: AdamW
2025-04-01 13:04:30,454 - __main__ - INFO - Creating scheduler: cosine
2025-04-01 13:04:30,455 - __main__ - INFO - Created BinarySegmentationLoss with weights: CE=1.0, Dice=1.0
2025-04-01 13:04:30,460 - __main__ - INFO - Trainer initialized
2025-04-01 13:04:30,460 - __main__ - INFO - Starting training process...
2025-04-01 13:04:30,460 - utils.training - INFO - Starting training from epoch 0
2025-04-01 13:07:27,954 - utils.training - INFO - Epoch 0 completed: Loss: 1.5318, CE: 0.7215, Dice: 0.8103, LR: 0.000050
2025-04-01 13:07:27,954 - utils.training - INFO - Epoch 0 training loss: 1.5318
2025-04-01 13:10:23,540 - utils.training - INFO - Epoch 0 completed: Loss: 1.5105, CE: 0.6996, Dice: 0.8109, LR: 0.000050
2025-04-01 13:10:23,540 - utils.training - INFO - Epoch 1 training loss: 1.5105
