2025-04-01 12:57:48,801 - __main__ - INFO - Starting binary video segmentation training with config: configs/rtx_4070ti_super.yaml
2025-04-01 12:57:48,805 - __main__ - INFO - Set random seed to 42
2025-04-01 12:57:49,040 - __main__ - INFO - Using device: cuda
2025-04-01 12:57:49,040 - __main__ - INFO - Building binary segmentation model...
2025-04-01 12:57:49,352 - __main__ - INFO - Model created: VideoMambaSegmentation
2025-04-01 12:57:49,353 - __main__ - INFO - Created data augmentation with image size: [240, 320]
2025-04-01 12:57:49,353 - __main__ - INFO - Creating train data loader...
2025-04-01 12:57:49,724 - __main__ - INFO - Train loader created with 524 batches
2025-04-01 12:57:49,724 - __main__ - INFO - Creating validation data loader...
2025-04-01 12:57:49,976 - __main__ - INFO - Validation loader created with 249 batches
2025-04-01 12:57:49,977 - __main__ - INFO - Creating optimizer: AdamW
2025-04-01 12:57:49,977 - __main__ - INFO - Creating scheduler: cosine
2025-04-01 12:57:49,977 - __main__ - INFO - Created BinarySegmentationLoss with weights: CE=1.0, Dice=1.0
2025-04-01 12:57:49,983 - __main__ - INFO - Trainer initialized
2025-04-01 12:57:49,983 - __main__ - INFO - Starting training process...
2025-04-01 12:57:49,983 - utils.training - INFO - Starting training from epoch 0
2025-04-01 13:00:50,443 - utils.training - INFO - Epoch 0 completed: Loss: nan, CE: nan, Dice: nan, LR: 0.000200
2025-04-01 13:00:50,444 - utils.training - INFO - Epoch 0 training loss: nan
2025-04-01 13:03:48,124 - utils.training - INFO - Epoch 0 completed: Loss: nan, CE: nan, Dice: nan, LR: 0.000198
2025-04-01 13:03:48,125 - utils.training - INFO - Epoch 1 training loss: nan
